<?xml version="1.0" encoding="utf-8"?><testsuites name="pytest tests"><testsuite name="pytest" errors="0" failures="0" skipped="0" tests="30" time="3.621" timestamp="2026-03-21T03:31:29.655543+00:00" hostname="agent-env-7f68ed50-096f-4bcd-8078-891cad130233"><testcase classname="backend.tests.test_lifecycle_bot_api.TestHealthCheck" name="test_api_root" time="0.120" /><testcase classname="backend.tests.test_lifecycle_bot_api.TestHealthCheck" name="test_health_endpoint" time="0.116" /><testcase classname="backend.tests.test_lifecycle_bot_api.TestAuthentication" name="test_register_new_user" time="0.109" /><testcase classname="backend.tests.test_lifecycle_bot_api.TestAuthentication" name="test_register_duplicate_user" time="0.109" /><testcase classname="backend.tests.test_lifecycle_bot_api.TestAuthentication" name="test_login_valid_credentials" time="0.110" /><testcase classname="backend.tests.test_lifecycle_bot_api.TestAuthentication" name="test_login_invalid_credentials" time="0.106" /><testcase classname="backend.tests.test_lifecycle_bot_api.TestAuthentication" name="test_login_after_register" time="0.224" /><testcase classname="backend.tests.test_lifecycle_bot_api.TestProtectedEndpoints" name="test_dashboard_requires_auth" time="0.108" /><testcase classname="backend.tests.test_lifecycle_bot_api.TestProtectedEndpoints" name="test_trades_requires_auth" time="0.106" /><testcase classname="backend.tests.test_lifecycle_bot_api.TestProtectedEndpoints" name="test_positions_requires_auth" time="0.101" /><testcase classname="backend.tests.test_lifecycle_bot_api.TestProtectedEndpoints" name="test_activity_requires_auth" time="0.096" /><testcase classname="backend.tests.test_lifecycle_bot_api.TestProtectedEndpoints" name="test_watchlist_requires_auth" time="0.120" /><testcase classname="backend.tests.test_lifecycle_bot_api.TestProtectedEndpoints" name="test_bot_status_requires_auth" time="0.115" /><testcase classname="backend.tests.test_lifecycle_bot_api.TestProtectedEndpoints" name="test_treasury_history_requires_auth" time="0.092" /><testcase classname="backend.tests.test_lifecycle_bot_api.TestDashboard" name="test_get_dashboard_stats" time="0.212" /><testcase classname="backend.tests.test_lifecycle_bot_api.TestTrades" name="test_get_trades" time="0.097" /><testcase classname="backend.tests.test_lifecycle_bot_api.TestTrades" name="test_get_trade_stats" time="0.117" /><testcase classname="backend.tests.test_lifecycle_bot_api.TestTrades" name="test_create_trade" time="0.104" /><testcase classname="backend.tests.test_lifecycle_bot_api.TestTreasuryHistory" name="test_get_treasury_history" time="0.094" /><testcase classname="backend.tests.test_lifecycle_bot_api.TestTreasuryHistory" name="test_add_treasury_snapshot" time="0.099" /><testcase classname="backend.tests.test_lifecycle_bot_api.TestActivity" name="test_get_activity" time="0.104" /><testcase classname="backend.tests.test_lifecycle_bot_api.TestActivity" name="test_log_activity" time="0.129" /><testcase classname="backend.tests.test_lifecycle_bot_api.TestWatchlist" name="test_get_watchlist" time="0.094" /><testcase classname="backend.tests.test_lifecycle_bot_api.TestWatchlist" name="test_sync_watchlist" time="0.110" /><testcase classname="backend.tests.test_lifecycle_bot_api.TestBotStatus" name="test_get_bot_status" time="0.099" /><testcase classname="backend.tests.test_lifecycle_bot_api.TestBotStatus" name="test_update_bot_status" time="0.223" /><testcase classname="backend.tests.test_lifecycle_bot_api.TestPositions" name="test_get_positions" time="0.096" /><testcase classname="backend.tests.test_lifecycle_bot_api.TestPositions" name="test_sync_positions" time="0.109" /><testcase classname="backend.tests.test_lifecycle_bot_api.TestBulkSync" name="test_bulk_data_push" time="0.104" /><testcase classname="backend.tests.test_lifecycle_bot_api.TestAuthMe" name="test_get_current_user" time="0.106" /></testsuite></testsuites>